<?xml version="1.0" encoding="UTF-8"?>
<!-- Generated by org.testng.reporters.JUnitReportReporter -->
<testsuite skipped="0" hostname="Brij-SNH" name="com.xorianttest1.postTest" tests="1" failures="0" timestamp="2022-04-28T11:33:24 IST" time="2.419" errors="0">
  <testcase name="postTest" time="2.419" classname="com.xorianttest1.postTest"/>
  <system-out/>
</testsuite> <!-- com.xorianttest1.postTest -->
