<?xml version="1.0" encoding="UTF-8"?>
<!-- Generated by org.testng.reporters.JUnitReportReporter -->
<testsuite skipped="0" hostname="Brij-SNH" name="com.xorianttest1.CreateUserPOJOTest" tests="1" failures="0" timestamp="2022-11-17T23:26:01 IST" time="0.004" errors="0">
  <testcase name="createUserTestA" time="0.004" classname="com.xorianttest1.CreateUserPOJOTest"/>
  <system-out/>
</testsuite> <!-- com.xorianttest1.CreateUserPOJOTest -->
