<?xml version="1.0" encoding="UTF-8"?>
<!-- Generated by org.testng.reporters.JUnitReportReporter -->
<testsuite skipped="0" hostname="Brij-SNH" name="com.xorianttest1.GetAPITest" tests="3" failures="0" timestamp="2022-11-17T23:26:01 IST" time="1.946" errors="0">
  <testcase name="getListOfUsers1" time="0.304" classname="com.xorianttest1.GetAPITest"/>
  <system-out/>
  <testcase name="getListOfUsers" time="1.483" classname="com.xorianttest1.GetAPITest"/>
  <system-out/>
  <testcase name="getListOfUsers2" time="0.159" classname="com.xorianttest1.GetAPITest"/>
  <system-out/>
</testsuite> <!-- com.xorianttest1.GetAPITest -->
