<?xml version="1.0" encoding="UTF-8"?>
<!-- Generated by org.testng.reporters.JUnitReportReporter -->
<testsuite skipped="0" hostname="Brij-SNH" name="com.xorianttest1.GetJsonPathTest" tests="1" failures="0" timestamp="2022-11-17T23:26:01 IST" time="0.900" errors="0">
  <testcase name="getJsonPathTest" time="0.900" classname="com.xorianttest1.GetJsonPathTest"/>
  <system-out/>
</testsuite> <!-- com.xorianttest1.GetJsonPathTest -->
