<?xml version="1.0" encoding="UTF-8"?>
<!-- Generated by org.testng.reporters.JUnitReportReporter -->
<testsuite skipped="0" hostname="Brij-SNH" name="com.xorianttest1.postTest" tests="2" failures="0" timestamp="2022-11-17T23:26:01 IST" time="1.326" errors="0">
  <testcase name="postTesttwo" time="0.589" classname="com.xorianttest1.postTest"/>
  <system-out/>
  <testcase name="postTest" time="0.737" classname="com.xorianttest1.postTest"/>
  <system-out/>
</testsuite> <!-- com.xorianttest1.postTest -->
